[debug] [2018-12-03T17:55:56.885Z] ----------------------------------------------------------------------
[debug] [2018-12-03T17:55:56.887Z] Command:       /Users/mingus/.nvm/versions/node/v8.12.0/bin/node /Users/mingus/.nvm/versions/node/v8.12.0/bin/firebase deploy
[debug] [2018-12-03T17:55:56.887Z] CLI Version:   6.1.1
[debug] [2018-12-03T17:55:56.887Z] Platform:      darwin
[debug] [2018-12-03T17:55:56.887Z] Node Version:  v8.12.0
[debug] [2018-12-03T17:55:56.888Z] Time:          Mon Dec 03 2018 18:55:56 GMT+0100 (CET)
[debug] [2018-12-03T17:55:56.888Z] ----------------------------------------------------------------------
[debug] 
[debug] [2018-12-03T17:55:56.899Z] > command requires scopes: ["email","openid","https://www.googleapis.com/auth/cloudplatformprojects.readonly","https://www.googleapis.com/auth/firebase","https://www.googleapis.com/auth/cloud-platform"]
[debug] [2018-12-03T17:55:56.900Z] > authorizing via signed-in user
[debug] [2018-12-03T17:55:56.900Z] [iam] checking project ultimate-ranking for permissions ["firebase.projects.get","firebasedatabase.instances.update","firebasehosting.sites.update"]
[debug] [2018-12-03T17:55:56.902Z] > refreshing access token with scopes: ["email","https://www.googleapis.com/auth/cloud-platform","https://www.googleapis.com/auth/cloudplatformprojects.readonly","https://www.googleapis.com/auth/firebase","openid"]
[debug] [2018-12-03T17:55:56.902Z] >>> HTTP REQUEST POST https://www.googleapis.com/oauth2/v3/token  
 <request body omitted>
[debug] [2018-12-03T17:55:57.165Z] <<< HTTP RESPONSE 200
[debug] [2018-12-03T17:55:57.190Z] >>> HTTP REQUEST POST https://cloudresourcemanager.googleapis.com/v1/projects/ultimate-ranking:testIamPermissions  

[debug] [2018-12-03T17:55:58.143Z] <<< HTTP RESPONSE 200
[debug] [2018-12-03T17:55:58.145Z] >>> HTTP REQUEST GET https://firebase.googleapis.com/v1beta1/projects/ultimate-ranking  
 
[debug] [2018-12-03T17:55:58.418Z] <<< HTTP RESPONSE 200
[info] 
[info] === Deploying to 'ultimate-ranking'...
[info] 
[info] i  deploying database, hosting
[info] i  database: checking rules syntax...
[debug] [2018-12-03T17:55:58.421Z] >>> HTTP REQUEST PUT https://ultimate-ranking.firebaseio.com/.settings/rules.json?dryRun=true  
 {
  "rules": {
    ".read": true,
    ".write": true
  }
}
[debug] [2018-12-03T17:55:59.069Z] <<< HTTP RESPONSE 200
[info] ✔  database: rules syntax for database ultimate-ranking is valid
[debug] [2018-12-03T17:55:59.071Z] >>> HTTP REQUEST POST https://firebasehosting.googleapis.com/v1beta1/sites/ultimate-ranking/versions  

